[2019-01-04 13:11:58.312] [jointLog] [info] parsing read library format
[2019-01-04 13:11:58.312] [jointLog] [info] There is 1 library.
[2019-01-04 13:11:58.474] [jointLog] [info] Loading Quasi index
[2019-01-04 13:11:58.478] [jointLog] [info] Loading 32-bit quasi index
[2019-01-04 13:12:17.457] [jointLog] [info] done
[2019-01-04 13:12:17.457] [jointLog] [info] Index contained 226365 targets
[2019-01-04 13:12:21.129] [jointLog] [info] Automatically detected most likely library type as ISR
[2019-01-04 13:14:47.029] [fileLog] [info] 
At end of round 0
==================
Observed 45697535 total fragments (45697535 in most recent round)

[2019-01-04 13:14:47.028] [jointLog] [info] Computed 408978 rich equivalence classes for further processing
[2019-01-04 13:14:47.028] [jointLog] [info] Counted 32350620 total reads in the equivalence classes 
[2019-01-04 13:14:47.148] [jointLog] [info] Mapping rate = 70.7929%

[2019-01-04 13:14:47.148] [jointLog] [info] finished quantifyLibrary()
[2019-01-04 13:14:47.163] [jointLog] [info] Starting optimizer
[2019-01-04 13:14:47.464] [jointLog] [info] Marked 0 weighted equivalence classes as degenerate
[2019-01-04 13:14:47.478] [jointLog] [info] iteration = 0 | max rel diff. = 42.8088
[2019-01-04 13:14:47.558] [jointLog] [info] iteration 11, adjusting effective lengths to account for biases
[2019-01-04 13:15:48.732] [jointLog] [info] Computed expected counts (for bias correction)
[2019-01-04 13:15:48.732] [jointLog] [info] processed bias for 0.0% of the transcripts
[2019-01-04 13:15:57.148] [jointLog] [info] processed bias for 10.0% of the transcripts
[2019-01-04 13:16:05.678] [jointLog] [info] processed bias for 20.0% of the transcripts
[2019-01-04 13:16:13.995] [jointLog] [info] processed bias for 30.0% of the transcripts
[2019-01-04 13:16:22.074] [jointLog] [info] processed bias for 40.0% of the transcripts
[2019-01-04 13:16:29.277] [jointLog] [info] processed bias for 50.0% of the transcripts
[2019-01-04 13:16:36.482] [jointLog] [info] processed bias for 60.0% of the transcripts
[2019-01-04 13:16:44.462] [jointLog] [info] processed bias for 70.0% of the transcripts
[2019-01-04 13:16:48.885] [jointLog] [info] processed bias for 100.0% of the transcripts
[2019-01-04 13:16:49.531] [jointLog] [info] iteration = 100 | max rel diff. = 0.321412
[2019-01-04 13:16:50.225] [jointLog] [info] iteration = 200 | max rel diff. = 0.224753
[2019-01-04 13:16:50.914] [jointLog] [info] iteration = 300 | max rel diff. = 0.0829796
[2019-01-04 13:16:51.595] [jointLog] [info] iteration = 400 | max rel diff. = 0.0573644
[2019-01-04 13:16:52.289] [jointLog] [info] iteration = 500 | max rel diff. = 0.0403447
[2019-01-04 13:16:52.973] [jointLog] [info] iteration = 600 | max rel diff. = 0.0286218
[2019-01-04 13:16:53.681] [jointLog] [info] iteration = 700 | max rel diff. = 0.0156891
[2019-01-04 13:16:54.334] [jointLog] [info] iteration = 800 | max rel diff. = 0.013458
[2019-01-04 13:16:55.016] [jointLog] [info] iteration = 900 | max rel diff. = 0.0185776
[2019-01-04 13:16:55.752] [jointLog] [info] iteration = 1000 | max rel diff. = 0.0175487
[2019-01-04 13:16:56.410] [jointLog] [info] iteration = 1100 | max rel diff. = 0.0130386
[2019-01-04 13:16:56.687] [jointLog] [info] iteration = 1141 | max rel diff. = 0.00994869
[2019-01-04 13:16:56.716] [jointLog] [info] Finished optimizer
[2019-01-04 13:16:56.716] [jointLog] [info] writing output 

[2019-01-04 13:16:57.164] [jointLog] [warning] NOTE: Read Lib [( filtered_fastq/T_NT_3_1_filtered_paired.fq, filtered_fastq/T_NT_3_2_filtered_paired.fq )] :

Greater than 5% of the fragments disagreed with the provided library type; check the file: salmon_on_hg38_output_cdna_ncrna/T_NT_3/lib_format_counts.json for details

