[2019-01-04 11:41:14.102] [jointLog] [info] parsing read library format
[2019-01-04 11:41:14.102] [jointLog] [info] There is 1 library.
[2019-01-04 11:41:14.236] [jointLog] [info] Loading Quasi index
[2019-01-04 11:41:14.250] [jointLog] [info] Loading 32-bit quasi index
[2019-01-04 11:41:16.865] [jointLog] [info] done
[2019-01-04 11:41:16.865] [jointLog] [info] Index contained 38739 targets
[2019-01-04 11:41:19.625] [jointLog] [info] Automatically detected most likely library type as ISR
[2019-01-04 11:44:07.392] [fileLog] [info] 
At end of round 0
==================
Observed 45890571 total fragments (45890571 in most recent round)

[2019-01-04 11:44:07.392] [jointLog] [info] Computed 59051 rich equivalence classes for further processing
[2019-01-04 11:44:07.392] [jointLog] [info] Counted 6468586 total reads in the equivalence classes 
[2019-01-04 11:44:07.412] [jointLog] [info] Mapping rate = 14.0957%

[2019-01-04 11:44:07.412] [jointLog] [info] finished quantifyLibrary()
[2019-01-04 11:44:07.428] [jointLog] [info] Starting optimizer
[2019-01-04 11:44:07.473] [jointLog] [info] Marked 0 weighted equivalence classes as degenerate
[2019-01-04 11:44:07.475] [jointLog] [info] iteration = 0 | max rel diff. = 204.152
[2019-01-04 11:44:07.497] [jointLog] [info] iteration 11, adjusting effective lengths to account for biases
[2019-01-04 11:44:14.991] [jointLog] [info] Computed expected counts (for bias correction)
[2019-01-04 11:44:14.991] [jointLog] [info] processed bias for 0.0% of the transcripts
[2019-01-04 11:44:15.537] [jointLog] [info] processed bias for 10.0% of the transcripts
[2019-01-04 11:44:16.941] [jointLog] [info] processed bias for 20.0% of the transcripts
[2019-01-04 11:44:18.321] [jointLog] [info] processed bias for 30.0% of the transcripts
[2019-01-04 11:44:19.547] [jointLog] [info] processed bias for 40.0% of the transcripts
[2019-01-04 11:44:20.502] [jointLog] [info] processed bias for 50.0% of the transcripts
[2019-01-04 11:44:21.817] [jointLog] [info] processed bias for 60.0% of the transcripts
[2019-01-04 11:44:22.416] [jointLog] [info] processed bias for 100.0% of the transcripts
[2019-01-04 11:44:22.546] [jointLog] [info] iteration = 100 | max rel diff. = 0.169354
[2019-01-04 11:44:22.693] [jointLog] [info] iteration = 200 | max rel diff. = 0.174682
[2019-01-04 11:44:22.835] [jointLog] [info] iteration = 300 | max rel diff. = 0.0324133
[2019-01-04 11:44:22.980] [jointLog] [info] iteration = 400 | max rel diff. = 0.023027
[2019-01-04 11:44:23.131] [jointLog] [info] iteration = 500 | max rel diff. = 0.0244833
[2019-01-04 11:44:23.283] [jointLog] [info] iteration = 600 | max rel diff. = 0.0133837
[2019-01-04 11:44:23.433] [jointLog] [info] iteration = 700 | max rel diff. = 0.0123457
[2019-01-04 11:44:23.585] [jointLog] [info] iteration = 800 | max rel diff. = 0.0123457
[2019-01-04 11:44:23.737] [jointLog] [info] iteration = 900 | max rel diff. = 0.0100064
[2019-01-04 11:44:23.887] [jointLog] [info] iteration = 1000 | max rel diff. = 0.0100071
[2019-01-04 11:44:23.949] [jointLog] [info] iteration = 1042 | max rel diff. = 0.00869245
[2019-01-04 11:44:23.955] [jointLog] [info] Finished optimizer
[2019-01-04 11:44:23.955] [jointLog] [info] writing output 

[2019-01-04 11:44:24.029] [jointLog] [warning] NOTE: Read Lib [( filtered_fastq/T_d48h_3_1_filtered_paired.fq, filtered_fastq/T_d48h_3_2_filtered_paired.fq )] :

Greater than 5% of the fragments disagreed with the provided library type; check the file: salmon_on_hg38_ncrna_output/T_d48h_3/lib_format_counts.json for details

