[2019-01-04 12:36:00.076] [jointLog] [info] parsing read library format
[2019-01-04 12:36:00.076] [jointLog] [info] There is 1 library.
[2019-01-04 12:36:00.206] [jointLog] [info] Loading Quasi index
[2019-01-04 12:36:00.215] [jointLog] [info] Loading 32-bit quasi index
[2019-01-04 12:36:20.796] [jointLog] [info] done
[2019-01-04 12:36:20.796] [jointLog] [info] Index contained 226365 targets
[2019-01-04 12:36:25.462] [jointLog] [info] Automatically detected most likely library type as ISR
[2019-01-04 12:49:01.799] [jointLog] [info] Computed 405739 rich equivalence classes for further processing
[2019-01-04 12:49:01.799] [jointLog] [info] Counted 32389225 total reads in the equivalence classes 
[2019-01-04 12:49:01.918] [jointLog] [info] Mapping rate = 72.1789%

[2019-01-04 12:49:01.918] [jointLog] [info] finished quantifyLibrary()
[2019-01-04 12:49:01.931] [jointLog] [info] Starting optimizer
[2019-01-04 12:49:01.800] [fileLog] [info] 
At end of round 0
==================
Observed 44873544 total fragments (44873544 in most recent round)

[2019-01-04 12:49:08.594] [jointLog] [info] Marked 0 weighted equivalence classes as degenerate
[2019-01-04 12:49:08.604] [jointLog] [info] iteration = 0 | max rel diff. = 47.3526
[2019-01-04 12:49:08.693] [jointLog] [info] iteration 11, adjusting effective lengths to account for biases
[2019-01-04 12:50:11.341] [jointLog] [info] Computed expected counts (for bias correction)
[2019-01-04 12:50:11.341] [jointLog] [info] processed bias for 0.0% of the transcripts
[2019-01-04 12:50:18.725] [jointLog] [info] processed bias for 10.0% of the transcripts
[2019-01-04 12:50:27.864] [jointLog] [info] processed bias for 20.0% of the transcripts
[2019-01-04 12:50:36.776] [jointLog] [info] processed bias for 30.0% of the transcripts
[2019-01-04 12:50:45.258] [jointLog] [info] processed bias for 40.0% of the transcripts
[2019-01-04 12:50:53.607] [jointLog] [info] processed bias for 50.0% of the transcripts
[2019-01-04 12:51:02.715] [jointLog] [info] processed bias for 60.0% of the transcripts
[2019-01-04 12:51:11.944] [jointLog] [info] processed bias for 70.0% of the transcripts
[2019-01-04 12:51:15.890] [jointLog] [info] processed bias for 100.0% of the transcripts
[2019-01-04 12:51:16.559] [jointLog] [info] iteration = 100 | max rel diff. = 0.325751
[2019-01-04 12:51:17.285] [jointLog] [info] iteration = 200 | max rel diff. = 0.154114
[2019-01-04 12:51:18.018] [jointLog] [info] iteration = 300 | max rel diff. = 0.0699495
[2019-01-04 12:51:18.753] [jointLog] [info] iteration = 400 | max rel diff. = 0.0457429
[2019-01-04 12:51:19.438] [jointLog] [info] iteration = 500 | max rel diff. = 0.0409294
[2019-01-04 12:51:20.130] [jointLog] [info] iteration = 600 | max rel diff. = 0.0445385
[2019-01-04 12:51:20.849] [jointLog] [info] iteration = 700 | max rel diff. = 0.039532
[2019-01-04 12:51:21.615] [jointLog] [info] iteration = 800 | max rel diff. = 0.0134813
[2019-01-04 12:51:22.340] [jointLog] [info] iteration = 900 | max rel diff. = 0.0127958
[2019-01-04 12:51:23.044] [jointLog] [info] iteration = 1000 | max rel diff. = 0.0150357
[2019-01-04 12:51:23.755] [jointLog] [info] iteration = 1100 | max rel diff. = 0.0169676
[2019-01-04 12:51:24.530] [jointLog] [info] iteration = 1200 | max rel diff. = 0.0155161
[2019-01-04 12:51:25.237] [jointLog] [info] iteration = 1300 | max rel diff. = 0.0109944
[2019-01-04 12:51:25.971] [jointLog] [info] iteration = 1400 | max rel diff. = 0.0107616
[2019-01-04 12:51:26.735] [jointLog] [info] iteration = 1500 | max rel diff. = 0.0101056
[2019-01-04 12:51:26.808] [jointLog] [info] iteration = 1511 | max rel diff. = 0.00999819
[2019-01-04 12:51:26.838] [jointLog] [info] Finished optimizer
[2019-01-04 12:51:26.838] [jointLog] [info] writing output 

[2019-01-04 12:51:27.223] [jointLog] [warning] NOTE: Read Lib [( filtered_fastq/C_d48h_2_1_filtered_paired.fq, filtered_fastq/C_d48h_2_2_filtered_paired.fq )] :

Greater than 5% of the fragments disagreed with the provided library type; check the file: salmon_on_hg38_output_cdna_ncrna/C_d48h_2/lib_format_counts.json for details

