[2019-01-04 11:34:08.410] [jointLog] [info] parsing read library format
[2019-01-04 11:34:08.410] [jointLog] [info] There is 1 library.
[2019-01-04 11:34:08.540] [jointLog] [info] Loading Quasi index
[2019-01-04 11:34:08.543] [jointLog] [info] Loading 32-bit quasi index
[2019-01-04 11:34:10.854] [jointLog] [info] done
[2019-01-04 11:34:10.854] [jointLog] [info] Index contained 38739 targets
[2019-01-04 11:34:13.621] [jointLog] [info] Automatically detected most likely library type as ISR
[2019-01-04 11:37:07.183] [fileLog] [info] 
At end of round 0
==================
Observed 44873544 total fragments (44873544 in most recent round)

[2019-01-04 11:37:07.183] [jointLog] [info] Computed 61046 rich equivalence classes for further processing
[2019-01-04 11:37:07.183] [jointLog] [info] Counted 6376207 total reads in the equivalence classes 
[2019-01-04 11:37:07.208] [jointLog] [info] Mapping rate = 14.2093%

[2019-01-04 11:37:07.208] [jointLog] [info] finished quantifyLibrary()
[2019-01-04 11:37:07.220] [jointLog] [info] Starting optimizer
[2019-01-04 11:37:07.271] [jointLog] [info] Marked 0 weighted equivalence classes as degenerate
[2019-01-04 11:37:07.275] [jointLog] [info] iteration = 0 | max rel diff. = 212.851
[2019-01-04 11:37:07.301] [jointLog] [info] iteration 11, adjusting effective lengths to account for biases
[2019-01-04 11:37:14.693] [jointLog] [info] Computed expected counts (for bias correction)
[2019-01-04 11:37:14.693] [jointLog] [info] processed bias for 0.0% of the transcripts
[2019-01-04 11:37:15.201] [jointLog] [info] processed bias for 10.0% of the transcripts
[2019-01-04 11:37:16.693] [jointLog] [info] processed bias for 20.0% of the transcripts
[2019-01-04 11:37:18.177] [jointLog] [info] processed bias for 30.0% of the transcripts
[2019-01-04 11:37:19.141] [jointLog] [info] processed bias for 40.0% of the transcripts
[2019-01-04 11:37:20.380] [jointLog] [info] processed bias for 50.0% of the transcripts
[2019-01-04 11:37:21.803] [jointLog] [info] processed bias for 60.0% of the transcripts
[2019-01-04 11:37:22.546] [jointLog] [info] processed bias for 100.0% of the transcripts
[2019-01-04 11:37:22.671] [jointLog] [info] iteration = 100 | max rel diff. = 0.192894
[2019-01-04 11:37:22.811] [jointLog] [info] iteration = 200 | max rel diff. = 0.0827014
[2019-01-04 11:37:22.959] [jointLog] [info] iteration = 300 | max rel diff. = 0.0369615
[2019-01-04 11:37:23.107] [jointLog] [info] iteration = 400 | max rel diff. = 0.0227859
[2019-01-04 11:37:23.255] [jointLog] [info] iteration = 500 | max rel diff. = 0.0219733
[2019-01-04 11:37:23.402] [jointLog] [info] iteration = 600 | max rel diff. = 0.0157096
[2019-01-04 11:37:23.550] [jointLog] [info] iteration = 700 | max rel diff. = 0.0252025
[2019-01-04 11:37:23.690] [jointLog] [info] iteration = 800 | max rel diff. = 0.0172229
[2019-01-04 11:37:23.829] [jointLog] [info] iteration = 900 | max rel diff. = 0.0272854
[2019-01-04 11:37:23.941] [jointLog] [info] iteration = 979 | max rel diff. = 0.00866496
[2019-01-04 11:37:23.947] [jointLog] [info] Finished optimizer
[2019-01-04 11:37:23.947] [jointLog] [info] writing output 

[2019-01-04 11:37:24.032] [jointLog] [warning] NOTE: Read Lib [( filtered_fastq/C_d48h_2_1_filtered_paired.fq, filtered_fastq/C_d48h_2_2_filtered_paired.fq )] :

Greater than 5% of the fragments disagreed with the provided library type; check the file: salmon_on_hg38_ncrna_output/C_d48h_2/lib_format_counts.json for details

