[2019-01-04 12:48:52.143] [jointLog] [info] parsing read library format
[2019-01-04 12:48:52.143] [jointLog] [info] There is 1 library.
[2019-01-04 12:48:52.268] [jointLog] [info] Loading Quasi index
[2019-01-04 12:48:52.270] [jointLog] [info] Loading 32-bit quasi index
[2019-01-04 12:48:59.109] [jointLog] [info] done
[2019-01-04 12:48:59.109] [jointLog] [info] Index contained 226365 targets
[2019-01-04 12:49:03.605] [jointLog] [info] Automatically detected most likely library type as ISR
[2019-01-04 12:52:41.940] [fileLog] [info] 
At end of round 0
==================
Observed 47842941 total fragments (47842941 in most recent round)

[2019-01-04 12:52:41.939] [jointLog] [info] Computed 400038 rich equivalence classes for further processing
[2019-01-04 12:52:41.939] [jointLog] [info] Counted 36404504 total reads in the equivalence classes 
[2019-01-04 12:52:42.059] [jointLog] [info] Mapping rate = 76.0917%

[2019-01-04 12:52:42.059] [jointLog] [info] finished quantifyLibrary()
[2019-01-04 12:52:42.075] [jointLog] [info] Starting optimizer
[2019-01-04 12:52:42.339] [jointLog] [info] Marked 0 weighted equivalence classes as degenerate
[2019-01-04 12:52:42.349] [jointLog] [info] iteration = 0 | max rel diff. = 45.0311
[2019-01-04 12:52:42.434] [jointLog] [info] iteration 11, adjusting effective lengths to account for biases
[2019-01-04 12:53:43.366] [jointLog] [info] Computed expected counts (for bias correction)
[2019-01-04 12:53:43.366] [jointLog] [info] processed bias for 0.0% of the transcripts
[2019-01-04 12:53:49.999] [jointLog] [info] processed bias for 10.0% of the transcripts
[2019-01-04 12:53:57.773] [jointLog] [info] processed bias for 20.0% of the transcripts
[2019-01-04 12:54:06.052] [jointLog] [info] processed bias for 30.0% of the transcripts
[2019-01-04 12:54:14.443] [jointLog] [info] processed bias for 40.0% of the transcripts
[2019-01-04 12:54:23.384] [jointLog] [info] processed bias for 50.0% of the transcripts
[2019-01-04 12:54:32.284] [jointLog] [info] processed bias for 60.0% of the transcripts
[2019-01-04 12:54:41.115] [jointLog] [info] processed bias for 70.0% of the transcripts
[2019-01-04 12:54:44.668] [jointLog] [info] processed bias for 100.0% of the transcripts
[2019-01-04 12:54:45.247] [jointLog] [info] iteration = 100 | max rel diff. = 0.205506
[2019-01-04 12:54:45.916] [jointLog] [info] iteration = 200 | max rel diff. = 0.139947
[2019-01-04 12:54:46.555] [jointLog] [info] iteration = 300 | max rel diff. = 0.0618876
[2019-01-04 12:54:47.182] [jointLog] [info] iteration = 400 | max rel diff. = 0.0637194
[2019-01-04 12:54:47.799] [jointLog] [info] iteration = 500 | max rel diff. = 0.0508496
[2019-01-04 12:54:48.435] [jointLog] [info] iteration = 600 | max rel diff. = 0.0487528
[2019-01-04 12:54:49.128] [jointLog] [info] iteration = 700 | max rel diff. = 0.0401978
[2019-01-04 12:54:49.775] [jointLog] [info] iteration = 800 | max rel diff. = 0.0172212
[2019-01-04 12:54:50.427] [jointLog] [info] iteration = 900 | max rel diff. = 0.016687
[2019-01-04 12:54:51.075] [jointLog] [info] iteration = 1000 | max rel diff. = 0.0161206
[2019-01-04 12:54:51.723] [jointLog] [info] iteration = 1100 | max rel diff. = 0.0103147
[2019-01-04 12:54:52.370] [jointLog] [info] iteration = 1200 | max rel diff. = 0.0157058
[2019-01-04 12:54:53.040] [jointLog] [info] iteration = 1300 | max rel diff. = 0.017306
[2019-01-04 12:54:53.663] [jointLog] [info] iteration = 1400 | max rel diff. = 0.0121923
[2019-01-04 12:54:54.296] [jointLog] [info] iteration = 1500 | max rel diff. = 0.0119901
[2019-01-04 12:54:54.995] [jointLog] [info] iteration = 1600 | max rel diff. = 0.0113432
[2019-01-04 12:54:55.522] [jointLog] [info] iteration = 1684 | max rel diff. = 0.00998503
[2019-01-04 12:54:55.552] [jointLog] [info] Finished optimizer
[2019-01-04 12:54:55.552] [jointLog] [info] writing output 

[2019-01-04 12:54:55.922] [jointLog] [warning] NOTE: Read Lib [( filtered_fastq/C_d96h_1_1_filtered_paired.fq, filtered_fastq/C_d96h_1_2_filtered_paired.fq )] :

Greater than 5% of the fragments disagreed with the provided library type; check the file: salmon_on_hg38_output_cdna_ncrna/C_d96h_1/lib_format_counts.json for details

