[2019-01-04 13:02:18.165] [jointLog] [info] parsing read library format
[2019-01-04 13:02:18.165] [jointLog] [info] There is 1 library.
[2019-01-04 13:02:18.291] [jointLog] [info] Loading Quasi index
[2019-01-04 13:02:18.294] [jointLog] [info] Loading 32-bit quasi index
[2019-01-04 13:02:25.107] [jointLog] [info] done
[2019-01-04 13:02:25.108] [jointLog] [info] Index contained 226365 targets
[2019-01-04 13:02:28.975] [jointLog] [info] Automatically detected most likely library type as ISR
[2019-01-04 13:04:46.153] [fileLog] [info] 
At end of round 0
==================
Observed 45222885 total fragments (45222885 in most recent round)

[2019-01-04 13:04:46.152] [jointLog] [info] Computed 403559 rich equivalence classes for further processing
[2019-01-04 13:04:46.152] [jointLog] [info] Counted 33458736 total reads in the equivalence classes 
[2019-01-04 13:04:46.266] [jointLog] [info] Mapping rate = 73.9863%

[2019-01-04 13:04:46.266] [jointLog] [info] finished quantifyLibrary()
[2019-01-04 13:04:46.279] [jointLog] [info] Starting optimizer
[2019-01-04 13:04:46.569] [jointLog] [info] Marked 0 weighted equivalence classes as degenerate
[2019-01-04 13:04:46.578] [jointLog] [info] iteration = 0 | max rel diff. = 45.9827
[2019-01-04 13:04:46.657] [jointLog] [info] iteration 11, adjusting effective lengths to account for biases
[2019-01-04 13:05:48.006] [jointLog] [info] Computed expected counts (for bias correction)
[2019-01-04 13:05:48.006] [jointLog] [info] processed bias for 0.0% of the transcripts
[2019-01-04 13:05:54.671] [jointLog] [info] processed bias for 10.0% of the transcripts
[2019-01-04 13:06:02.675] [jointLog] [info] processed bias for 20.0% of the transcripts
[2019-01-04 13:06:10.720] [jointLog] [info] processed bias for 30.0% of the transcripts
[2019-01-04 13:06:18.941] [jointLog] [info] processed bias for 40.0% of the transcripts
[2019-01-04 13:06:27.101] [jointLog] [info] processed bias for 50.0% of the transcripts
[2019-01-04 13:06:35.894] [jointLog] [info] processed bias for 60.0% of the transcripts
[2019-01-04 13:06:44.974] [jointLog] [info] processed bias for 70.0% of the transcripts
[2019-01-04 13:06:48.927] [jointLog] [info] processed bias for 100.0% of the transcripts
[2019-01-04 13:06:49.576] [jointLog] [info] iteration = 100 | max rel diff. = 0.214906
[2019-01-04 13:06:50.268] [jointLog] [info] iteration = 200 | max rel diff. = 0.147675
[2019-01-04 13:06:50.941] [jointLog] [info] iteration = 300 | max rel diff. = 0.0913549
[2019-01-04 13:06:51.635] [jointLog] [info] iteration = 400 | max rel diff. = 0.0558032
[2019-01-04 13:06:52.318] [jointLog] [info] iteration = 500 | max rel diff. = 0.0359776
[2019-01-04 13:06:53.019] [jointLog] [info] iteration = 600 | max rel diff. = 0.0221241
[2019-01-04 13:06:53.734] [jointLog] [info] iteration = 700 | max rel diff. = 0.0378335
[2019-01-04 13:06:54.474] [jointLog] [info] iteration = 800 | max rel diff. = 0.0181019
[2019-01-04 13:06:55.169] [jointLog] [info] iteration = 900 | max rel diff. = 0.0184552
[2019-01-04 13:06:55.891] [jointLog] [info] iteration = 1000 | max rel diff. = 0.0199871
[2019-01-04 13:06:56.542] [jointLog] [info] iteration = 1100 | max rel diff. = 0.0173904
[2019-01-04 13:06:57.264] [jointLog] [info] iteration = 1200 | max rel diff. = 0.0131506
[2019-01-04 13:06:57.933] [jointLog] [info] iteration = 1300 | max rel diff. = 0.0110234
[2019-01-04 13:06:58.252] [jointLog] [info] iteration = 1350 | max rel diff. = 0.00998148
[2019-01-04 13:06:58.282] [jointLog] [info] Finished optimizer
[2019-01-04 13:06:58.282] [jointLog] [info] writing output 

[2019-01-04 13:06:58.700] [jointLog] [warning] NOTE: Read Lib [( filtered_fastq/T_d48h_1_1_filtered_paired.fq, filtered_fastq/T_d48h_1_2_filtered_paired.fq )] :

Greater than 5% of the fragments disagreed with the provided library type; check the file: salmon_on_hg38_output_cdna_ncrna/T_d48h_1/lib_format_counts.json for details

